2025-10-13 10:21:00,021 - INFO - 开始大规模故事爬取...
2025-10-13 10:21:00,435 - WARNING - There was an error managing chromedriver (error sending request for url (https://googlechromelabs.github.io/chrome-for-testing/known-good-versions-with-downloads.json)); using driver found in the cache
2025-10-13 10:21:06,480 - WARNING - 使用默认ChromeDriver失败: Message: session not created: This version of ChromeDriver only supports Chrome version 136
Current browser version is 141.0.7390.66 with binary path C:\Program Files\Google\Chrome\Application\chrome.exe; For documentation on this error, please visit: https://www.selenium.dev/documentation/webdriver/troubleshooting/errors#sessionnotcreatedexception
Stacktrace:
	GetHandleVerifier [0x00007FF657CECF25+75717]
	GetHandleVerifier [0x00007FF657CECF80+75808]
	(No symbol) [0x00007FF657AB8F9A]
	(No symbol) [0x00007FF657AFD1DF]
	(No symbol) [0x00007FF657AFC22B]
	(No symbol) [0x00007FF657AF6518]
	(No symbol) [0x00007FF657AF1ADD]
	(No symbol) [0x00007FF657B452D8]
	(No symbol) [0x00007FF657B448B0]
	(No symbol) [0x00007FF657B37153]
	(No symbol) [0x00007FF657B00421]
	(No symbol) [0x00007FF657B011B3]
	GetHandleVerifier [0x00007FF657FED6FD+3223453]
	GetHandleVerifier [0x00007FF657FE7CA2+3200322]
	GetHandleVerifier [0x00007FF658005AD3+3322739]
	GetHandleVerifier [0x00007FF657D069FA+180890]
	GetHandleVerifier [0x00007FF657D0E0FF+211359]
	GetHandleVerifier [0x00007FF657CF5274+109332]
	GetHandleVerifier [0x00007FF657CF5422+109762]
	GetHandleVerifier [0x00007FF657CDBA39+4825]
	BaseThreadInitThunk [0x00007FFF06BF7374+20]
	RtlUserThreadStart [0x00007FFF07E5CC91+33]

2025-10-13 10:21:06,886 - WARNING - There was an error managing chromedriver (error sending request for url (https://googlechromelabs.github.io/chrome-for-testing/known-good-versions-with-downloads.json)); using driver found in the cache
2025-10-13 10:21:11,908 - ERROR - WebDriver 设置失败: Message: session not created: This version of ChromeDriver only supports Chrome version 136
Current browser version is 141.0.7390.66 with binary path C:\Program Files\Google\Chrome\Application\chrome.exe; For documentation on this error, please visit: https://www.selenium.dev/documentation/webdriver/troubleshooting/errors#sessionnotcreatedexception
Stacktrace:
	GetHandleVerifier [0x00007FF657CECF25+75717]
	GetHandleVerifier [0x00007FF657CECF80+75808]
	(No symbol) [0x00007FF657AB8F9A]
	(No symbol) [0x00007FF657AFD1DF]
	(No symbol) [0x00007FF657AFC22B]
	(No symbol) [0x00007FF657AF6518]
	(No symbol) [0x00007FF657AF1ADD]
	(No symbol) [0x00007FF657B452D8]
	(No symbol) [0x00007FF657B448B0]
	(No symbol) [0x00007FF657B37153]
	(No symbol) [0x00007FF657B00421]
	(No symbol) [0x00007FF657B011B3]
	GetHandleVerifier [0x00007FF657FED6FD+3223453]
	GetHandleVerifier [0x00007FF657FE7CA2+3200322]
	GetHandleVerifier [0x00007FF658005AD3+3322739]
	GetHandleVerifier [0x00007FF657D069FA+180890]
	GetHandleVerifier [0x00007FF657D0E0FF+211359]
	GetHandleVerifier [0x00007FF657CF5274+109332]
	GetHandleVerifier [0x00007FF657CF5422+109762]
	GetHandleVerifier [0x00007FF657CDBA39+4825]
	BaseThreadInitThunk [0x00007FFF06BF7374+20]
	RtlUserThreadStart [0x00007FFF07E5CC91+33]

