2025-10-13 01:19:46,607 - INFO - Starting Quick Story Extractor...
2025-10-13 01:19:48,944 - INFO - WebDriver setup successful with local ChromeDriver
2025-10-13 01:19:48,949 - INFO - Navigating to https://storynook.cn/
2025-10-13 01:19:52,622 - INFO - Document ready state: complete
2025-10-13 01:19:52,646 - INFO - jQuery loaded
2025-10-13 01:19:52,710 - INFO - loadStoryDetail function loaded
2025-10-13 01:19:52,712 - INFO - Extracting story list...
2025-10-13 01:19:55,800 - INFO - Found 50 story cards with onclick
2025-10-13 01:19:57,614 - INFO - Successfully extracted 0 stories
2025-10-13 01:19:57,629 - ERROR - No stories extracted
2025-10-13 01:20:01,458 - INFO - WebDriver closed
2025-10-13 01:22:15,465 - INFO - Starting Quick Story Extractor...
2025-10-13 01:22:17,739 - INFO - WebDriver setup successful with local ChromeDriver
2025-10-13 01:22:17,764 - INFO - Navigating to https://storynook.cn/
2025-10-13 01:22:20,509 - INFO - Document ready state: complete
2025-10-13 01:22:20,550 - INFO - jQuery loaded
2025-10-13 01:22:20,576 - INFO - loadStoryDetail function loaded
2025-10-13 01:22:20,580 - INFO - Extracting story list...
2025-10-13 01:23:16,959 - INFO - Found 50 story cards with onclick
2025-10-13 01:23:17,320 - INFO - Extracted story: 小老鼠打电话
2025-10-13 01:23:18,024 - INFO - Extracted story: 小狗穿鞋
2025-10-13 01:23:18,406 - INFO - Extracted story: 魔笔
2025-10-13 01:23:19,573 - INFO - Extracted story: 狒狒的雨伞
2025-10-13 01:23:20,173 - INFO - Extracted story: 小胖猪哭了
2025-10-13 01:23:20,829 - INFO - Extracted story: 皮鞭下的猴子
2025-10-13 01:23:21,991 - INFO - Extracted story: 小蜜蜂与花儿
2025-10-13 01:23:22,769 - INFO - Extracted story: 艾丽莎王后
2025-10-13 01:23:23,667 - INFO - Extracted story: 小兔学长跑
2025-10-13 01:23:23,964 - INFO - Extracted story: 世界上最可爱的人
2025-10-13 01:23:24,692 - INFO - Extracted story: 漂亮的小狗
2025-10-13 01:23:24,807 - INFO - Extracted story: 天空将要塌下来了
2025-10-13 01:23:25,440 - INFO - Extracted story: 寻猫布告
2025-10-13 01:23:25,943 - INFO - Extracted story: 鼹鼠找面包
2025-10-13 01:23:27,069 - INFO - Extracted story: 小骡子身世
2025-10-13 01:23:27,556 - INFO - Extracted story: 神笔
2025-10-13 01:23:28,130 - INFO - Extracted story: 肥猫嘟嘟
2025-10-13 01:23:29,090 - INFO - Extracted story: 是谁打碎了花瓶
2025-10-13 01:23:29,260 - INFO - Extracted story: 小熊住山洞
2025-10-13 01:23:29,281 - INFO - Extracted story: 月亮妈妈和星星孩子
2025-10-13 01:23:29,337 - INFO - Extracted story: 老鼠学猫叫
2025-10-13 01:23:30,078 - INFO - Extracted story: 唱歌的树
2025-10-13 01:23:30,674 - INFO - Extracted story: 猴子骗桃子
2025-10-13 01:23:31,769 - INFO - Extracted story: 花羽毛的小松鸡
2025-10-13 01:23:32,939 - INFO - Extracted story: 箭猪也开心地笑了
2025-10-13 01:23:34,200 - INFO - Extracted story: 小胖胖熊,你真幸福
2025-10-13 01:23:34,959 - INFO - Extracted story: 森林中的小河
2025-10-13 01:23:34,969 - INFO - Extracted story: 小熊红红的苹果
2025-10-13 01:23:35,392 - INFO - Extracted story: 老爷爷的一棵榕树
2025-10-13 01:23:46,743 - INFO - Extracted story: 小灰狼和狼妈妈
2025-10-13 01:23:47,384 - INFO - Extracted story: 小灰狼和狼妈妈
2025-10-13 01:24:04,679 - INFO - Extracted story: 贪吃的小猫咪咪
2025-10-13 01:24:05,143 - INFO - Extracted story: 聪聪和他的好朋友
2025-10-13 01:24:05,634 - INFO - Extracted story: 百灵鸟和棕熊
2025-10-13 01:24:05,740 - INFO - Extracted story: 兔弟弟和月亮婆婆
2025-10-13 01:24:07,256 - INFO - Extracted story: 老公公种萝卜
2025-10-13 01:24:07,599 - INFO - Extracted story: 不光彩的孔雀
2025-10-13 01:24:08,657 - INFO - Extracted story: 小羽毛的故事
2025-10-13 01:24:09,553 - INFO - Extracted story: 圣诞老人传说
2025-10-13 01:24:10,607 - INFO - Extracted story: 黑熊卖砖
2025-10-13 01:24:11,900 - INFO - Extracted story: 小牧童与小猴的故事
2025-10-13 01:24:12,882 - INFO - Extracted story: 不睡觉的星星
2025-10-13 01:24:13,458 - INFO - Extracted story: 智慧的老公公
2025-10-13 01:24:14,204 - INFO - Extracted story: 提心吊胆地小老鼠
2025-10-13 01:24:14,524 - INFO - Extracted story: 狐狸家的晚餐
2025-10-13 01:24:15,354 - INFO - Extracted story: 小刺猬真勇敢
2025-10-13 01:24:16,498 - INFO - Extracted story: 狐狸和鹤的宴会
2025-10-13 01:24:17,511 - INFO - Extracted story: 兔子的友谊
2025-10-13 01:24:18,395 - INFO - Extracted story: 母鸡妈妈下的大鸡蛋
2025-10-13 01:24:19,501 - INFO - Extracted story: 老鼠的礼物
2025-10-13 01:24:19,883 - INFO - Successfully extracted 50 stories
2025-10-13 01:24:34,146 - INFO - Saved 50 stories to quick_stories.json
2025-10-13 01:24:34,429 - INFO - Saved 50 stories to database quick_stories.db
2025-10-13 01:24:34,442 - INFO - Generated crawl report: 50 stories
2025-10-13 01:24:34,460 - INFO - Quick extraction completed successfully!
2025-10-13 01:24:34,460 - INFO - Total stories extracted: 50
2025-10-13 01:24:34,462 - INFO - Categories found: ['睡前故事']
2025-10-13 01:24:54,522 - INFO - WebDriver closed
