2025-10-13 00:07:37,644 - INFO - 🚀 开始完整的SPA网站分析...
2025-10-13 00:07:40,290 - INFO - ✅ WebDriver创建成功
2025-10-13 00:07:40,291 - INFO - 🔍 开始分析主页...
2025-10-13 00:07:59,220 - INFO - 📖 页面标题: 小故事铺
2025-10-13 00:07:59,221 - INFO - 🔗 当前URL: https://storynook.cn/
2025-10-13 00:07:59,221 - INFO - 📏 页面源码长度: 68126
2025-10-13 00:07:59,534 - INFO - ⏳ 等待JavaScript执行...
2025-10-13 00:08:09,592 - INFO - 📄 JavaScript执行后页面长度: 68126
2025-10-13 00:08:09,612 - INFO - 🔄 页面内容是否变化: False
2025-10-13 00:08:09,741 - INFO - 📜 发现 10 个JavaScript文件/脚本
2025-10-13 00:08:09,746 - INFO -   外部JS文件: 7 个
2025-10-13 00:08:09,751 - INFO -   内联JS脚本: 3 个
2025-10-13 00:08:09,757 - INFO -     外部: https://unpkg.com/@supabase/supabase-js@2
2025-10-13 00:08:09,759 - INFO -     外部: https://cloud.umami.is/script.js
2025-10-13 00:08:09,759 - INFO -     外部: https://cdn.bootcss.com/jquery/2.2.4/jquery.min.js
2025-10-13 00:08:09,760 - INFO -     外部: https://storynook.cn/js/supabase-client.js
2025-10-13 00:08:09,760 - INFO -     外部: https://storynook.cn/js/app.js
2025-10-13 00:08:09,760 - INFO -     外部: https://storynook.cn/live2d/js/live2d.js
2025-10-13 00:08:09,761 - INFO -     外部: https://storynook.cn/live2d/js/message.js
2025-10-13 00:08:09,816 - INFO - 🧭 发现 1 个导航相关元素
2025-10-13 00:08:09,940 - INFO - 🏗️ 页面结构分析:
2025-10-13 00:08:09,961 - INFO -   前端框架: {'jquery': {'exists': True, 'version': '2.2.4'}}
2025-10-13 00:08:09,972 - INFO -   主要容器: 1 个
2025-10-13 00:08:09,979 - INFO -   相关全局变量: 3 个
2025-10-13 00:08:09,993 - INFO -     history: object
2025-10-13 00:08:09,999 - INFO -     onappinstalled: object
2025-10-13 00:08:10,000 - INFO -     loadStoryDetail: function
2025-10-13 00:08:18,231 - INFO - ✅ WebDriver创建成功
2025-10-13 00:08:18,237 - INFO - 🔬 开始测试URL路由机制...
2025-10-13 00:08:54,417 - INFO - 🔍 测试路由模式: #story/1
2025-10-13 00:08:59,531 - INFO - ✅ 路由模式 #story/1 成功加载内容 (5931 字符)
2025-10-13 00:08:59,537 - INFO - 📄 已保存成功页面: simple_success_hash_story_1.html
2025-10-13 00:09:01,567 - INFO - 🔍 测试路由模式: #story/2
2025-10-13 00:09:06,671 - INFO - ✅ 路由模式 #story/2 成功加载内容 (5931 字符)
2025-10-13 00:09:06,682 - INFO - 📄 已保存成功页面: simple_success_hash_story_2.html
2025-10-13 00:09:08,750 - INFO - 🔍 测试路由模式: #story/3
2025-10-13 00:09:13,885 - INFO - ✅ 路由模式 #story/3 成功加载内容 (5931 字符)
2025-10-13 00:09:13,887 - INFO - 📄 已保存成功页面: simple_success_hash_story_3.html
2025-10-13 00:09:15,926 - INFO - 🔍 测试路由模式: #/story/1
2025-10-13 00:09:21,038 - INFO - ✅ 路由模式 #/story/1 成功加载内容 (5931 字符)
2025-10-13 00:09:21,047 - INFO - 📄 已保存成功页面: simple_success_hash__story_1.html
2025-10-13 00:09:23,082 - INFO - 🔍 测试路由模式: #/story/2
2025-10-13 00:09:28,184 - INFO - ✅ 路由模式 #/story/2 成功加载内容 (5931 字符)
2025-10-13 00:09:28,187 - INFO - 📄 已保存成功页面: simple_success_hash__story_2.html
2025-10-13 00:09:30,204 - INFO - 🔍 测试路由模式: #/story/3
2025-10-13 00:09:35,352 - INFO - ✅ 路由模式 #/story/3 成功加载内容 (5931 字符)
2025-10-13 00:09:35,355 - INFO - 📄 已保存成功页面: simple_success_hash__story_3.html
2025-10-13 00:09:37,403 - INFO - 🔍 测试路由模式: #!/story/1
2025-10-13 00:09:42,499 - INFO - ✅ 路由模式 #!/story/1 成功加载内容 (5931 字符)
2025-10-13 00:09:42,500 - INFO - 📄 已保存成功页面: simple_success_hash_!_story_1.html
2025-10-13 00:09:44,553 - INFO - 🔍 测试路由模式: #!/story/2
2025-10-13 00:09:49,685 - INFO - ✅ 路由模式 #!/story/2 成功加载内容 (5931 字符)
2025-10-13 00:09:49,688 - INFO - 📄 已保存成功页面: simple_success_hash_!_story_2.html
2025-10-13 00:09:51,781 - INFO - 🔍 测试路由模式: #!/story/3
2025-10-13 00:09:57,287 - INFO - ✅ 路由模式 #!/story/3 成功加载内容 (5931 字符)
2025-10-13 00:09:57,294 - INFO - 📄 已保存成功页面: simple_success_hash_!_story_3.html
2025-10-13 00:09:59,370 - INFO - 🔍 测试路由模式: #story-1
2025-10-13 00:10:04,520 - INFO - ✅ 路由模式 #story-1 成功加载内容 (5931 字符)
2025-10-13 00:10:04,522 - INFO - 📄 已保存成功页面: simple_success_hash_story-1.html
2025-10-13 00:10:06,581 - INFO - 🔍 测试路由模式: #story-2
2025-10-13 00:10:11,699 - INFO - ✅ 路由模式 #story-2 成功加载内容 (5931 字符)
2025-10-13 00:10:11,701 - INFO - 📄 已保存成功页面: simple_success_hash_story-2.html
2025-10-13 00:10:13,770 - INFO - 🔍 测试路由模式: #story-3
2025-10-13 00:10:18,957 - INFO - ✅ 路由模式 #story-3 成功加载内容 (5931 字符)
2025-10-13 00:10:18,958 - INFO - 📄 已保存成功页面: simple_success_hash_story-3.html
2025-10-13 00:10:21,011 - INFO - 🎯 测试完成，成功的路由模式: 12 个
2025-10-13 00:10:21,042 - INFO -   ✅ #story/1 - 5931 字符
2025-10-13 00:10:21,059 - INFO -   ✅ #story/2 - 5931 字符
2025-10-13 00:10:21,064 - INFO -   ✅ #story/3 - 5931 字符
2025-10-13 00:10:21,090 - INFO -   ✅ #/story/1 - 5931 字符
2025-10-13 00:10:21,155 - INFO -   ✅ #/story/2 - 5931 字符
2025-10-13 00:10:21,170 - INFO -   ✅ #/story/3 - 5931 字符
2025-10-13 00:10:21,192 - INFO -   ✅ #!/story/1 - 5931 字符
2025-10-13 00:10:21,223 - INFO -   ✅ #!/story/2 - 5931 字符
2025-10-13 00:10:21,241 - INFO -   ✅ #!/story/3 - 5931 字符
2025-10-13 00:10:21,256 - INFO -   ✅ #story-1 - 5931 字符
2025-10-13 00:10:21,277 - INFO -   ✅ #story-2 - 5931 字符
2025-10-13 00:10:21,295 - INFO -   ✅ #story-3 - 5931 字符
2025-10-13 00:10:25,414 - INFO - 📋 分析报告已保存到: simple_spa_analysis_report.json
2025-10-13 00:10:25,415 - INFO - 
============================================================
2025-10-13 00:10:25,417 - INFO - 🎯 SPA网站分析总结
2025-10-13 00:10:25,418 - INFO - ============================================================
2025-10-13 00:10:25,430 - INFO - 📖 网站标题: 小故事铺
2025-10-13 00:10:25,431 - INFO - 🔄 JavaScript动态加载: 否
2025-10-13 00:10:25,431 - INFO - 📜 JavaScript文件: 10 个 (外部: 7, 内联: 3)
2025-10-13 00:10:25,432 - INFO - 🛠️ 检测到的框架: jquery
2025-10-13 00:10:25,433 - INFO - 🔍 路由测试: 12/12 个模式成功
2025-10-13 00:10:25,434 - INFO - ✅ 成功的路由模式:
2025-10-13 00:10:25,434 - INFO -    #story/1 - 5931 字符
2025-10-13 00:10:25,437 - INFO -    #story/2 - 5931 字符
2025-10-13 00:10:25,438 - INFO -    #story/3 - 5931 字符
2025-10-13 00:10:25,438 - INFO -    #/story/1 - 5931 字符
2025-10-13 00:10:25,438 - INFO -    #/story/2 - 5931 字符
2025-10-13 00:10:25,439 - INFO -    #/story/3 - 5931 字符
2025-10-13 00:10:25,441 - INFO -    #!/story/1 - 5931 字符
2025-10-13 00:10:25,443 - INFO -    #!/story/2 - 5931 字符
2025-10-13 00:10:25,445 - INFO -    #!/story/3 - 5931 字符
2025-10-13 00:10:25,448 - INFO -    #story-1 - 5931 字符
2025-10-13 00:10:25,450 - INFO -    #story-2 - 5931 字符
2025-10-13 00:10:25,451 - INFO -    #story-3 - 5931 字符
2025-10-13 00:10:25,451 - INFO - 💡 爬取建议:
2025-10-13 00:10:25,452 - INFO -    1. url_hash_routing: 发现有效的URL hash路由机制
2025-10-13 00:10:25,453 - INFO -    2. jquery_app: 检测到jQuery应用 (版本: 2.2.4)
2025-10-13 00:10:25,455 - INFO - ============================================================
