2025-10-13 00:22:22,160 - INFO - Starting Optimized StoryNook crawler...
2025-10-13 00:22:24,801 - INFO - WebDriver setup successful
2025-10-13 00:22:24,848 - INFO - Starting to crawl basic stories...
2025-10-13 00:22:24,857 - INFO - Navigating to https://storynook.cn/
2025-10-13 00:22:40,394 - INFO - Waiting for page to load...
2025-10-13 00:22:40,499 - INFO - Document ready state: complete
2025-10-13 00:22:40,581 - INFO - jQuery loaded
2025-10-13 00:22:40,690 - INFO - Page title loaded: 小故事铺
2025-10-13 00:23:00,728 - WARNING - Container #story-grid not found
2025-10-13 00:23:00,752 - INFO - Container .content-card found
2025-10-13 00:23:00,753 - INFO - Waiting for dynamic content...
2025-10-13 00:23:10,793 - INFO - Page source length: 68125
2025-10-13 00:23:10,793 - INFO - Page loaded successfully
2025-10-13 00:23:10,794 - INFO - Getting categories...
2025-10-13 00:23:10,841 - INFO - Trying to get categories from DOM...
2025-10-13 00:23:11,507 - INFO - Found 10 categories: ['睡前故事', '儿童故事', '格林童话', '民间故事', '益智故事', '历史故事', '寓言故事', '经典童话', '成语故事', '童话作文']
2025-10-13 00:23:11,507 - INFO - Extracting stories from default view...
2025-10-13 00:23:11,507 - INFO - Extracting stories from current view...
2025-10-13 00:23:11,550 - WARNING - No stories found in current view
2025-10-13 00:23:11,551 - INFO - Page source length: 64647
2025-10-13 00:23:11,551 - INFO - Processing category: 睡前故事 (ID: 1)
2025-10-13 00:23:11,552 - INFO - Clicking category 1
2025-10-13 00:23:11,605 - INFO - Successfully clicked category 1
2025-10-13 00:23:16,611 - INFO - Extracting stories from current view...
2025-10-13 00:23:16,687 - WARNING - No stories found in current view
2025-10-13 00:23:16,688 - INFO - Page source length: 64859
2025-10-13 00:23:16,688 - INFO - Found 0 new stories in category 睡前故事
2025-10-13 00:23:16,689 - INFO - Scrolling to load more content...
2025-10-13 00:23:19,790 - INFO - Extracting stories from current view...
2025-10-13 00:23:20,527 - WARNING - No stories found in current view
2025-10-13 00:23:20,528 - INFO - Page source length: 74154
2025-10-13 00:23:20,529 - INFO - Scroll 1: No new stories found
2025-10-13 00:23:23,532 - INFO - Processing category: 儿童故事 (ID: 2)
2025-10-13 00:23:23,759 - INFO - Clicking category 2
2025-10-13 00:23:25,006 - INFO - Successfully clicked category 2
2025-10-13 00:23:31,874 - INFO - Extracting stories from current view...
2025-10-13 00:23:36,321 - WARNING - No stories found in current view
2025-10-13 00:23:36,324 - INFO - Page source length: 64945
2025-10-13 00:23:36,325 - INFO - Found 0 new stories in category 儿童故事
2025-10-13 00:23:36,325 - INFO - Scrolling to load more content...
2025-10-13 00:23:39,376 - INFO - Extracting stories from current view...
2025-10-13 00:23:41,554 - WARNING - No stories found in current view
2025-10-13 00:23:41,565 - INFO - Page source length: 74256
2025-10-13 00:23:41,566 - INFO - Scroll 1: No new stories found
2025-10-13 00:23:44,568 - INFO - Processing category: 格林童话 (ID: 3)
2025-10-13 00:23:44,581 - INFO - Clicking category 3
2025-10-13 00:23:44,789 - INFO - Successfully clicked category 3
2025-10-13 00:23:49,827 - INFO - Extracting stories from current view...
2025-10-13 00:24:52,473 - ERROR - Failed to extract stories: Message: script timeout
  (Session info: chrome=141.0.7390.66)
Stacktrace:
	GetHandleVerifier [0x0xb8fea3+66515]
	GetHandleVerifier [0x0xb8fee4+66580]
	(No symbol) [0x0x97da6b]
	(No symbol) [0x0xa0dc70]
	(No symbol) [0x0x9eb1cc]
	(No symbol) [0x0xa0cba7]
	(No symbol) [0x0x9eafc6]
	(No symbol) [0x0x9bc2ca]
	(No symbol) [0x0x9bd154]
	GetHandleVerifier [0x0xde73d3+2521347]
	GetHandleVerifier [0x0xde2353+2500739]
	GetHandleVerifier [0x0xbb7cf4+229924]
	GetHandleVerifier [0x0xba8258+165768]
	GetHandleVerifier [0x0xbaed0d+193085]
	GetHandleVerifier [0x0xb981b8+100072]
	GetHandleVerifier [0x0xb98350+100480]
	GetHandleVerifier [0x0xb8260a+11066]
	BaseThreadInitThunk [0x0x765cfcc9+25]
	RtlGetAppContainerNamedObjectPath [0x0x77aa82ae+286]
	RtlGetAppContainerNamedObjectPath [0x0x77aa827e+238]

2025-10-13 00:24:52,474 - INFO - Found 0 new stories in category 格林童话
2025-10-13 00:24:52,807 - INFO - Scrolling to load more content...
2025-10-13 00:25:08,242 - INFO - Extracting stories from current view...
2025-10-13 00:25:15,224 - WARNING - No stories found in current view
2025-10-13 00:25:15,227 - INFO - Page source length: 74100
2025-10-13 00:25:15,228 - INFO - Scroll 1: No new stories found
2025-10-13 00:25:18,490 - INFO - Processing category: 民间故事 (ID: 4)
2025-10-13 00:25:18,842 - INFO - Clicking category 4
2025-10-13 00:25:19,728 - INFO - Successfully clicked category 4
2025-10-13 00:25:25,757 - INFO - Extracting stories from current view...
2025-10-13 00:25:29,665 - WARNING - No stories found in current view
2025-10-13 00:25:29,684 - INFO - Page source length: 65125
2025-10-13 00:25:29,801 - INFO - Found 0 new stories in category 民间故事
2025-10-13 00:25:36,401 - INFO - Scrolling to load more content...
2025-10-13 00:25:48,605 - INFO - Extracting stories from current view...
2025-10-13 00:25:59,973 - WARNING - No stories found in current view
2025-10-13 00:25:59,995 - INFO - Page source length: 74451
2025-10-13 00:26:00,000 - INFO - Scroll 1: No new stories found
2025-10-13 00:26:03,098 - INFO - Processing category: 益智故事 (ID: 5)
2025-10-13 00:26:13,609 - INFO - Clicking category 5
2025-10-13 00:26:28,317 - INFO - Successfully clicked category 5
2025-10-13 00:26:33,937 - INFO - Extracting stories from current view...
