2025-10-13 10:22:54,099 - INFO - 开始基于requests的大规模故事爬取...
2025-10-13 10:22:54,110 - INFO - 步骤1: 爬取主页及变体...
2025-10-13 10:22:54,111 - INFO - 正在爬取: https://storynook.cn/
2025-10-13 10:22:54,657 - INFO - 从HTML提取到 0 个新故事，总计 0 个
2025-10-13 10:22:56,186 - INFO - 正在爬取: https://storynook.cn/index.html
2025-10-13 10:22:56,411 - INFO - 从HTML提取到 0 个新故事，总计 0 个
2025-10-13 10:22:57,649 - INFO - 正在爬取: https://storynook.cn/index.php
2025-10-13 10:22:57,861 - WARNING - 获取页面失败 (尝试 1/3): 403 Client Error: Forbidden for url: https://storynook.cn/index.php
2025-10-13 10:22:59,592 - WARNING - 获取页面失败 (尝试 2/3): 403 Client Error: Forbidden for url: https://storynook.cn/index.php
2025-10-13 10:23:00,875 - WARNING - 获取页面失败 (尝试 3/3): 403 Client Error: Forbidden for url: https://storynook.cn/index.php
2025-10-13 10:23:00,875 - INFO - 正在爬取: https://storynook.cn/stories
2025-10-13 10:23:01,046 - WARNING - 获取页面失败 (尝试 1/3): 404 Client Error: Not Found for url: https://storynook.cn/stories
2025-10-13 10:23:04,013 - WARNING - 获取页面失败 (尝试 2/3): 404 Client Error: Not Found for url: https://storynook.cn/stories
2025-10-13 10:23:05,664 - WARNING - 获取页面失败 (尝试 3/3): 404 Client Error: Not Found for url: https://storynook.cn/stories
2025-10-13 10:23:05,665 - INFO - 正在爬取: https://storynook.cn/stories.html
2025-10-13 10:23:05,836 - WARNING - 获取页面失败 (尝试 1/3): 404 Client Error: Not Found for url: https://storynook.cn/stories.html
2025-10-13 10:23:07,612 - WARNING - 获取页面失败 (尝试 2/3): 404 Client Error: Not Found for url: https://storynook.cn/stories.html
2025-10-13 10:23:09,371 - WARNING - 获取页面失败 (尝试 3/3): 404 Client Error: Not Found for url: https://storynook.cn/stories.html
2025-10-13 10:23:09,376 - INFO - 正在爬取: https://storynook.cn/list
2025-10-13 10:23:09,542 - WARNING - 获取页面失败 (尝试 1/3): 404 Client Error: Not Found for url: https://storynook.cn/list
2025-10-13 10:23:11,252 - WARNING - 获取页面失败 (尝试 2/3): 404 Client Error: Not Found for url: https://storynook.cn/list
2025-10-13 10:23:14,476 - WARNING - 获取页面失败 (尝试 3/3): 404 Client Error: Not Found for url: https://storynook.cn/list
2025-10-13 10:23:14,489 - INFO - 正在爬取: https://storynook.cn/list.html
2025-10-13 10:23:14,662 - WARNING - 获取页面失败 (尝试 1/3): 404 Client Error: Not Found for url: https://storynook.cn/list.html
2025-10-13 10:23:16,069 - WARNING - 获取页面失败 (尝试 2/3): 404 Client Error: Not Found for url: https://storynook.cn/list.html
2025-10-13 10:23:19,252 - WARNING - 获取页面失败 (尝试 3/3): 404 Client Error: Not Found for url: https://storynook.cn/list.html
2025-10-13 10:23:19,253 - INFO - 主页爬取完成，发现 0 个新故事
2025-10-13 10:23:19,284 - INFO - 步骤2: 发现分页...
2025-10-13 10:23:19,706 - INFO - 发现 95 个可能的分页URL
2025-10-13 10:23:19,721 - INFO - 步骤3: 爬取分页...
2025-10-13 10:23:20,156 - INFO - 正在爬取分页 1/30: https://storynook.cn/?page=2
2025-10-13 10:23:20,346 - INFO - 从HTML提取到 0 个新故事，总计 0 个
2025-10-13 10:23:25,302 - INFO - 正在爬取分页 2/30: https://storynook.cn/?p=2
2025-10-13 10:23:25,485 - INFO - 从HTML提取到 0 个新故事，总计 0 个
2025-10-13 10:23:27,780 - INFO - 正在爬取分页 3/30: https://storynook.cn/page/2
2025-10-13 10:23:28,508 - WARNING - 获取页面失败 (尝试 1/3): 404 Client Error: Not Found for url: https://storynook.cn/page/2
2025-10-13 10:23:30,663 - WARNING - 获取页面失败 (尝试 2/3): 404 Client Error: Not Found for url: https://storynook.cn/page/2
2025-10-13 10:23:32,044 - WARNING - 获取页面失败 (尝试 3/3): 404 Client Error: Not Found for url: https://storynook.cn/page/2
2025-10-13 10:23:32,065 - INFO - 正在爬取分页 4/30: https://storynook.cn/2.html
2025-10-13 10:23:32,310 - WARNING - 获取页面失败 (尝试 1/3): 404 Client Error: Not Found for url: https://storynook.cn/2.html
2025-10-13 10:23:35,238 - WARNING - 获取页面失败 (尝试 2/3): 404 Client Error: Not Found for url: https://storynook.cn/2.html
2025-10-13 10:23:37,586 - WARNING - 获取页面失败 (尝试 3/3): 404 Client Error: Not Found for url: https://storynook.cn/2.html
2025-10-13 10:23:37,601 - INFO - 正在爬取分页 5/30: https://storynook.cn/list?page=2
2025-10-13 10:23:37,787 - WARNING - 获取页面失败 (尝试 1/3): 404 Client Error: Not Found for url: https://storynook.cn/list?page=2
2025-10-13 10:23:40,711 - WARNING - 获取页面失败 (尝试 2/3): 404 Client Error: Not Found for url: https://storynook.cn/list?page=2
2025-10-13 10:23:43,924 - WARNING - 获取页面失败 (尝试 3/3): 404 Client Error: Not Found for url: https://storynook.cn/list?page=2
2025-10-13 10:23:43,938 - INFO - 正在爬取分页 6/30: https://storynook.cn/?page=3
2025-10-13 10:23:44,175 - INFO - 从HTML提取到 0 个新故事，总计 0 个
2025-10-13 10:23:47,978 - INFO - 正在爬取分页 7/30: https://storynook.cn/?p=3
2025-10-13 10:23:48,447 - INFO - 从HTML提取到 0 个新故事，总计 0 个
2025-10-13 10:23:48,490 - INFO - 连续多页无新故事，停止分页爬取
2025-10-13 10:23:48,527 - INFO - 分页爬取完成，发现 0 个新故事
2025-10-13 10:23:48,639 - INFO - 步骤5: 保存数据...
2025-10-13 10:23:49,239 - INFO - 数据库保存成功
2025-10-13 10:23:49,932 - INFO - 所有数据保存成功
2025-10-13 10:23:50,112 - INFO - 大规模爬取完成！
2025-10-13 10:23:50,237 - INFO - 总共发现 0 个故事
2025-10-13 10:23:50,516 - INFO - 获取到 0 个故事的完整内容
2025-10-13 10:23:50,711 - INFO - 爬取了 6 个页面
